<?xml version="1.0" encoding="UTF-8"?>
<testng-results ignored="0" total="3" passed="3" failed="0" skipped="0">
  <reporter-output>
    <line>
      <![CDATA[welcome to great girikalan magic show]]>
    </line>
    <line>
      <![CDATA[welcome to great girikalan magic show]]>
    </line>
    <line>
      <![CDATA[welcome to great girikalan magic show]]>
    </line>
  </reporter-output>
  <suite started-at="2024-02-28T13:00:05 IST" name="Suite" finished-at="2024-02-28T13:00:48 IST" duration-ms="42668">
    <groups>
    </groups>
    <test started-at="2024-02-28T13:00:05 IST" name="edge" finished-at="2024-02-28T13:00:22 IST" duration-ms="17190">
      <class name="advsele.SimpleTest">
        <test-method is-config="true" signature="openBrowser(java.lang.String)[pri:0, instance:advsele.SimpleTest@62150f9e]" started-at="2024-02-28T13:00:05 IST" name="openBrowser" finished-at="2024-02-28T13:00:17 IST" duration-ms="11458" status="PASS">
          <params>
            <param index="0">
              <value>
                <![CDATA[edge]]>
              </value>
            </param>
          </params>
          <reporter-output>
          </reporter-output>
        </test-method> <!-- openBrowser -->
        <test-method signature="hii()[pri:0, instance:advsele.SimpleTest@62150f9e]" started-at="2024-02-28T13:00:17 IST" name="hii" finished-at="2024-02-28T13:00:17 IST" duration-ms="11" status="PASS">
          <reporter-output>
            <line>
              <![CDATA[welcome to great girikalan magic show]]>
            </line>
          </reporter-output>
        </test-method> <!-- hii -->
        <test-method is-config="true" signature="closeBro()[pri:0, instance:advsele.SimpleTest@62150f9e]" started-at="2024-02-28T13:00:17 IST" name="closeBro" finished-at="2024-02-28T13:00:22 IST" duration-ms="5632" status="PASS">
          <reporter-output>
          </reporter-output>
        </test-method> <!-- closeBro -->
      </class> <!-- advsele.SimpleTest -->
    </test> <!-- edge -->
    <test started-at="2024-02-28T13:00:05 IST" name="firefox" finished-at="2024-02-28T13:00:43 IST" duration-ms="37631">
      <class name="advsele.SimpleTest">
        <test-method is-config="true" signature="openBrowser(java.lang.String)[pri:0, instance:advsele.SimpleTest@7334aada]" started-at="2024-02-28T13:00:05 IST" name="openBrowser" finished-at="2024-02-28T13:00:40 IST" duration-ms="34808" status="PASS">
          <params>
            <param index="0">
              <value>
                <![CDATA[firefox]]>
              </value>
            </param>
          </params>
          <reporter-output>
          </reporter-output>
        </test-method> <!-- openBrowser -->
        <test-method signature="hii()[pri:0, instance:advsele.SimpleTest@7334aada]" started-at="2024-02-28T13:00:40 IST" name="hii" finished-at="2024-02-28T13:00:40 IST" duration-ms="7" status="PASS">
          <reporter-output>
            <line>
              <![CDATA[welcome to great girikalan magic show]]>
            </line>
          </reporter-output>
        </test-method> <!-- hii -->
        <test-method is-config="true" signature="closeBro()[pri:0, instance:advsele.SimpleTest@7334aada]" started-at="2024-02-28T13:00:40 IST" name="closeBro" finished-at="2024-02-28T13:00:43 IST" duration-ms="2782" status="PASS">
          <reporter-output>
          </reporter-output>
        </test-method> <!-- closeBro -->
      </class> <!-- advsele.SimpleTest -->
    </test> <!-- firefox -->
    <test started-at="2024-02-28T13:00:05 IST" name="chrome" finished-at="2024-02-28T13:00:48 IST" duration-ms="42668">
      <class name="advsele.SimpleTest">
        <test-method is-config="true" signature="openBrowser(java.lang.String)[pri:0, instance:advsele.SimpleTest@647e447]" started-at="2024-02-28T13:00:05 IST" name="openBrowser" finished-at="2024-02-28T13:00:46 IST" duration-ms="41278" status="PASS">
          <params>
            <param index="0">
              <value>
                <![CDATA[chrome]]>
              </value>
            </param>
          </params>
          <reporter-output>
          </reporter-output>
        </test-method> <!-- openBrowser -->
        <test-method signature="hii()[pri:0, instance:advsele.SimpleTest@647e447]" started-at="2024-02-28T13:00:46 IST" name="hii" finished-at="2024-02-28T13:00:46 IST" duration-ms="18" status="PASS">
          <reporter-output>
            <line>
              <![CDATA[welcome to great girikalan magic show]]>
            </line>
          </reporter-output>
        </test-method> <!-- hii -->
        <test-method is-config="true" signature="closeBro()[pri:0, instance:advsele.SimpleTest@647e447]" started-at="2024-02-28T13:00:46 IST" name="closeBro" finished-at="2024-02-28T13:00:48 IST" duration-ms="1279" status="PASS">
          <reporter-output>
          </reporter-output>
        </test-method> <!-- closeBro -->
      </class> <!-- advsele.SimpleTest -->
    </test> <!-- chrome -->
  </suite> <!-- Suite -->
</testng-results>
