<?xml version="1.0" encoding="UTF-8"?>
<testng-results ignored="0" total="1" passed="1" failed="0" skipped="0">
  <reporter-output>
  </reporter-output>
  <suite started-at="2023-12-23T14:46:48 IST" name="Default suite" finished-at="2023-12-23T14:47:02 IST" duration-ms="13752">
    <groups>
    </groups>
    <test started-at="2023-12-23T14:46:48 IST" name="Default test" finished-at="2023-12-23T14:47:02 IST" duration-ms="13752">
      <class name="advsele.extendedreport">
        <test-method signature="report()[pri:0, instance:advsele.extendedreport@5403f35f]" started-at="2023-12-23T14:46:48 IST" name="report" finished-at="2023-12-23T14:47:02 IST" duration-ms="13537" status="PASS">
          <reporter-output>
          </reporter-output>
        </test-method> <!-- report -->
      </class> <!-- advsele.extendedreport -->
    </test> <!-- Default test -->
  </suite> <!-- Default suite -->
</testng-results>
